Initialize engine version: 2020.3.25f1 (9b9180224418)
[Subsystems] Discovering subsystems at path C:/Games/Soulstone Survivors-InsaneRamZes/Soulstone Survivors_Data/UnitySubsystems
GfxDevice: creating device client; threaded=1
Direct3D:
    Version:  Direct3D 11.0 [level 11.1]
    Renderer: NVIDIA GeForce RTX 3060 Ti (ID=0x2489)
    Vendor:   
    VRAM:     8038 MB
    Driver:   31.0.15.3623
<RI> Initializing input.
New input system (experimental) initialized
<RI> Input initialized.
<RI> Initialized touch support.
UnloadTime: 1.159900 ms
Odin Serializer ArchitectureInfo initialization with defaults (all unaligned read/writes disabled).
UnityEngine.Logger:Log(LogType, Object)
UnityEngine.Debug:Log(Object)
Sirenix.Serialization.UnitySerializationInitializer:Initialize()

Odin Serializer detected whitelisted runtime platform WindowsPlayer and memory read test succeeded; enabling all unaligned memory read/writes.
UnityEngine.Logger:Log(LogType, Object)
UnityEngine.Debug:Log(Object)
Sirenix.Serialization.ArchitectureInfo:SetRuntimePlatform(RuntimePlatform)
Sirenix.Serialization.UnitySerializationInitializer:Initialize()

WwiseUnity: Wwise(R) SDK Version 2021.1.7 Build 7796.
UnityEngine.Logger:LogFormat(LogType, String, Object[])
UnityEngine.Debug:LogFormat(String, Object[])
AkWwiseInitializationSettings:InitializeSoundEngine()
AkInitializer:OnEnable()

WwiseUnity: Setting Plugin DLL path to: C:/Games/Soulstone Survivors-InsaneRamZes/Soulstone Survivors_Data\Plugins\x86_64
UnityEngine.Logger:Log(LogType, Object)
UnityEngine.Debug:Log(Object)
AkCommonPlatformSettings:get_AkInitializationSettings()
AkWwiseInitializationSettings:InitializeSoundEngine()
AkInitializer:OnEnable()

WwiseUnity: Sound engine initialized successfully.
UnityEngine.Logger:Log(LogType, Object)
UnityEngine.Debug:Log(Object)
AkWwiseInitializationSettings:InitializeSoundEngine()
AkInitializer:OnEnable()

Control scheme changed to: [Keyboard]
UnityEngine.Logger:Log(LogType, Object)
UnityEngine.Debug:Log(Object)
InputManager:OnControlsChanged(PlayerInput)
UnityEngine.InputSystem.PlayerInput:HandleControlsChanged()
UnityEngine.InputSystem.PlayerInput:OnEnable()

Game is running version [0.10.033j].
UnityEngine.Logger:Log(LogType, Object)
UnityEngine.Debug:Log(Object)
MainUIManager:Start()

Checking if system language [ru] is supported...
UnityEngine.Logger:Log(LogType, Object)
UnityEngine.Debug:Log(Object)
LocalizationManager:Setup(CultureInfo)
MainUIManager:Start()

Unloading 6 Unused Serialized files (Serialized files now loaded: 0)
UnloadTime: 0.439100 ms

Unloading 6 unused Assets to reduce memory usage. Loaded Objects now: 79813.
Total: 74.343300 ms (FindLiveObjects: 2.612700 ms CreateObjectMapping: 2.748300 ms MarkObjects: 68.897800 ms  DeleteObjects: 0.084100 ms)

Unloading 6 Unused Serialized files (Serialized files now loaded: 4)
UnloadTime: 174.648900 ms

Unloading 19492 unused Assets to reduce memory usage. Loaded Objects now: 160707.
Total: 137.523300 ms (FindLiveObjects: 6.507700 ms CreateObjectMapping: 5.847900 ms MarkObjects: 118.148500 ms  DeleteObjects: 7.018800 ms)

Discord discard called
UnityEngine.Logger:Log(LogType, Object)
UnityEngine.Debug:Log(Object)
DiscordManager:Discard()

Setting up 6 worker threads for Enlighten.
  Thread -> id: 4f14 -> priority: 1 
  Thread -> id: 4f18 -> priority: 1 
  Thread -> id: 4f1c -> priority: 1 
  Thread -> id: 4f28 -> priority: 1 
  Thread -> id: 4f24 -> priority: 1 
  Thread -> id: 4f20 -> priority: 1 
